Determining if the pthread_create exist failed with the following output:
Change Dir: /home/morrison/myfiles/Programmation/project-5-numerical-integration/build/CMakeFiles/CMakeTmp

Run Build Command:"/usr/bin/make" "cmTC_4b061/fast"
/usr/bin/make -f CMakeFiles/cmTC_4b061.dir/build.make CMakeFiles/cmTC_4b061.dir/build
make[1]: Entering directory '/home/morrison/myfiles/Programmation/project-5-numerical-integration/build/CMakeFiles/CMakeTmp'
Building C object CMakeFiles/cmTC_4b061.dir/CheckSymbolExists.c.o
/usr/bin/cc    -o CMakeFiles/cmTC_4b061.dir/CheckSymbolExists.c.o   -c /home/morrison/myfiles/Programmation/project-5-numerical-integration/build/CMakeFiles/CMakeTmp/CheckSymbolExists.c
Linking C executable cmTC_4b061
/usr/bin/cmake -E cmake_link_script CMakeFiles/cmTC_4b061.dir/link.txt --verbose=1
/usr/bin/cc      CMakeFiles/cmTC_4b061.dir/CheckSymbolExists.c.o  -o cmTC_4b061 
CMakeFiles/cmTC_4b061.dir/CheckSymbolExists.c.o: In function `main':
CheckSymbolExists.c:(.text+0x1b): undefined reference to `pthread_create'
collect2: error: ld returned 1 exit status
CMakeFiles/cmTC_4b061.dir/build.make:97: recipe for target 'cmTC_4b061' failed
make[1]: *** [cmTC_4b061] Error 1
make[1]: Leaving directory '/home/morrison/myfiles/Programmation/project-5-numerical-integration/build/CMakeFiles/CMakeTmp'
Makefile:126: recipe for target 'cmTC_4b061/fast' failed
make: *** [cmTC_4b061/fast] Error 2

File /home/morrison/myfiles/Programmation/project-5-numerical-integration/build/CMakeFiles/CMakeTmp/CheckSymbolExists.c:
/* */
#include <pthread.h>

int main(int argc, char** argv)
{
  (void)argv;
#ifndef pthread_create
  return ((int*)(&pthread_create))[argc];
#else
  (void)argc;
  return 0;
#endif
}

Determining if the function pthread_create exists in the pthreads failed with the following output:
Change Dir: /home/morrison/myfiles/Programmation/project-5-numerical-integration/build/CMakeFiles/CMakeTmp

Run Build Command:"/usr/bin/make" "cmTC_da641/fast"
/usr/bin/make -f CMakeFiles/cmTC_da641.dir/build.make CMakeFiles/cmTC_da641.dir/build
make[1]: Entering directory '/home/morrison/myfiles/Programmation/project-5-numerical-integration/build/CMakeFiles/CMakeTmp'
Building C object CMakeFiles/cmTC_da641.dir/CheckFunctionExists.c.o
/usr/bin/cc   -DCHECK_FUNCTION_EXISTS=pthread_create   -o CMakeFiles/cmTC_da641.dir/CheckFunctionExists.c.o   -c /usr/share/cmake-3.10/Modules/CheckFunctionExists.c
Linking C executable cmTC_da641
/usr/bin/cmake -E cmake_link_script CMakeFiles/cmTC_da641.dir/link.txt --verbose=1
/usr/bin/cc  -DCHECK_FUNCTION_EXISTS=pthread_create    CMakeFiles/cmTC_da641.dir/CheckFunctionExists.c.o  -o cmTC_da641 -lpthreads 
/usr/bin/ld: cannot find -lpthreads
collect2: error: ld returned 1 exit status
CMakeFiles/cmTC_da641.dir/build.make:97: recipe for target 'cmTC_da641' failed
make[1]: *** [cmTC_da641] Error 1
make[1]: Leaving directory '/home/morrison/myfiles/Programmation/project-5-numerical-integration/build/CMakeFiles/CMakeTmp'
Makefile:126: recipe for target 'cmTC_da641/fast' failed
make: *** [cmTC_da641/fast] Error 2


